<?xml version="1.0" encoding="UTF-8"?>
<coverage generated="1484055883248" clover="3.2.0">
  <project timestamp="1484055883249" name="All files">
    <metrics statements="50" coveredstatements="31" conditionals="53" coveredconditionals="31" methods="26" coveredmethods="15" elements="129" coveredelements="77" complexity="0" loc="50" ncloc="50" packages="2" files="8" classes="8">
      <package name="App">
        <metrics statements="2" coveredstatements="2" conditionals="0" coveredconditionals="0" methods="0" coveredmethods="0"/>
        <file name="GlobalStyles.js" path="/Users/werner/github/consent/Ecdrn/App/GlobalStyles.js">
          <metrics statements="2" coveredstatements="2" conditionals="0" coveredconditionals="0" methods="0" coveredmethods="0"/>
          <line num="10" count="7" type="stmt"/>
          <line num="27" count="7" type="stmt"/>
        </file>
      </package>
      <package name="App.Components">
        <metrics statements="48" coveredstatements="29" conditionals="53" coveredconditionals="31" methods="26" coveredmethods="15"/>
        <file name="Button.js" path="/Users/werner/github/consent/Ecdrn/App/Components/Button.js">
          <metrics statements="20" coveredstatements="9" conditionals="16" coveredconditionals="8" methods="8" coveredmethods="3"/>
          <line num="27" count="2" type="stmt"/>
          <line num="29" count="2" type="stmt"/>
          <line num="33" count="2" type="stmt"/>
          <line num="34" count="2" type="stmt"/>
          <line num="39" count="2" type="stmt"/>
          <line num="40" count="1" type="stmt"/>
          <line num="45" count="1" type="stmt"/>
          <line num="53" count="0" type="stmt"/>
          <line num="54" count="0" type="stmt"/>
          <line num="57" count="0" type="stmt"/>
          <line num="62" count="0" type="stmt"/>
          <line num="63" count="0" type="stmt"/>
          <line num="68" count="0" type="stmt"/>
          <line num="70" count="0" type="stmt"/>
          <line num="76" count="0" type="stmt"/>
          <line num="77" count="0" type="stmt"/>
          <line num="82" count="0" type="stmt"/>
          <line num="90" count="2" type="stmt"/>
          <line num="101" count="0" type="stmt"/>
          <line num="119" count="1" type="stmt"/>
        </file>
        <file name="Checkbox.js" path="/Users/werner/github/consent/Ecdrn/App/Components/Checkbox.js">
          <metrics statements="13" coveredstatements="7" conditionals="7" coveredconditionals="1" methods="7" coveredmethods="3"/>
          <line num="31" count="2" type="stmt"/>
          <line num="37" count="2" type="stmt"/>
          <line num="38" count="2" type="stmt"/>
          <line num="41" count="0" type="stmt"/>
          <line num="43" count="0" type="stmt"/>
          <line num="52" count="0" type="stmt"/>
          <line num="55" count="0" type="stmt"/>
          <line num="56" count="0" type="stmt"/>
          <line num="57" count="0" type="stmt"/>
          <line num="60" count="2" type="stmt"/>
          <line num="61" count="2" type="stmt"/>
          <line num="62" count="2" type="stmt"/>
          <line num="65" count="2" type="stmt"/>
        </file>
        <file name="FormHeading.js" path="/Users/werner/github/consent/Ecdrn/App/Components/FormHeading.js">
          <metrics statements="1" coveredstatements="1" conditionals="0" coveredconditionals="0" methods="1" coveredmethods="1"/>
          <line num="19" count="1" type="stmt"/>
        </file>
        <file name="Link.js" path="/Users/werner/github/consent/Ecdrn/App/Components/Link.js">
          <metrics statements="2" coveredstatements="2" conditionals="0" coveredconditionals="0" methods="2" coveredmethods="2"/>
          <line num="19" count="1" type="stmt"/>
          <line num="23" count="1" type="stmt"/>
        </file>
        <file name="SceneHeading.js" path="/Users/werner/github/consent/Ecdrn/App/Components/SceneHeading.js">
          <metrics statements="1" coveredstatements="1" conditionals="0" coveredconditionals="0" methods="1" coveredmethods="1"/>
          <line num="19" count="1" type="stmt"/>
        </file>
        <file name="ScrollableWaitableView.js" path="/Users/werner/github/consent/Ecdrn/App/Components/ScrollableWaitableView.js">
          <metrics statements="4" coveredstatements="4" conditionals="2" coveredconditionals="2" methods="2" coveredmethods="2"/>
          <line num="28" count="2" type="stmt"/>
          <line num="32" count="2" type="stmt"/>
          <line num="33" count="1" type="stmt"/>
          <line num="37" count="1" type="stmt"/>
        </file>
        <file name="TextField.js" path="/Users/werner/github/consent/Ecdrn/App/Components/TextField.js">
          <metrics statements="7" coveredstatements="5" conditionals="28" coveredconditionals="20" methods="5" coveredmethods="3"/>
          <line num="21" count="1" type="stmt"/>
          <line num="29" count="1" type="stmt"/>
          <line num="30" count="1" type="stmt"/>
          <line num="31" count="0" type="stmt"/>
          <line num="37" count="1" type="stmt"/>
          <line num="62" count="1" type="stmt"/>
          <line num="67" count="0" type="stmt"/>
        </file>
      </package>
    </metrics>
  </project>
</coverage>
