{"/Users/werner/github/consent/Ecdrn/App/GlobalStyles.js": {"path":"/Users/werner/github/consent/Ecdrn/App/GlobalStyles.js","statementMap":{"0":{"start":{"line":14,"column":23},"end":{"line":29,"column":1}},"1":{"start":{"line":31,"column":25},"end":{"line":43,"column":1}}},"fnMap":{},"branchMap":{},"s":{"0":8,"1":8},"f":{},"b":{},"_coverageSchema":"332fd63041d2c1bcb487cc26dd0d5f7d97098a6c","hash":"b21ff5fcfa636e79f5e5a3197a783813dd36d508"}
,"/Users/werner/github/consent/Ecdrn/App/Components/Button.js": {"path":"/Users/werner/github/consent/Ecdrn/App/Components/Button.js","statementMap":{"0":{"start":{"line":15,"column":4},"end":{"line":15,"column":16}},"1":{"start":{"line":17,"column":4},"end":{"line":20,"column":5}},"2":{"start":{"line":21,"column":4},"end":{"line":21,"column":25}},"3":{"start":{"line":22,"column":4},"end":{"line":22,"column":32}},"4":{"start":{"line":27,"column":4},"end":{"line":37,"column":5}},"5":{"start":{"line":28,"column":6},"end":{"line":31,"column":8}},"6":{"start":{"line":33,"column":6},"end":{"line":36,"column":8}},"7":{"start":{"line":41,"column":4},"end":{"line":59,"column":5}},"8":{"start":{"line":42,"column":6},"end":{"line":53,"column":7}},"9":{"start":{"line":45,"column":8},"end":{"line":45,"column":48}},"10":{"start":{"line":45,"column":25},"end":{"line":45,"column":45}},"11":{"start":{"line":50,"column":8},"end":{"line":51,"column":73}},"12":{"start":{"line":51,"column":10},"end":{"line":51,"column":73}},"13":{"start":{"line":56,"column":6},"end":{"line":56,"column":33}},"14":{"start":{"line":58,"column":6},"end":{"line":58,"column":69}},"15":{"start":{"line":58,"column":23},"end":{"line":58,"column":51}},"16":{"start":{"line":64,"column":4},"end":{"line":74,"column":5}},"17":{"start":{"line":65,"column":6},"end":{"line":68,"column":8}},"18":{"start":{"line":70,"column":6},"end":{"line":73,"column":8}},"19":{"start":{"line":78,"column":4},"end":{"line":103,"column":5}},"20":{"start":{"line":89,"column":26},"end":{"line":89,"column":40}},"21":{"start":{"line":107,"column":15},"end":{"line":131,"column":2}}},"fnMap":{"0":{"name":"(anonymous_0)","decl":{"start":{"line":14,"column":2},"end":{"line":14,"column":3}},"loc":{"start":{"line":14,"column":21},"end":{"line":24,"column":3}}},"1":{"name":"(anonymous_1)","decl":{"start":{"line":26,"column":2},"end":{"line":26,"column":3}},"loc":{"start":{"line":26,"column":23},"end":{"line":38,"column":3}}},"2":{"name":"(anonymous_2)","decl":{"start":{"line":40,"column":2},"end":{"line":40,"column":3}},"loc":{"start":{"line":40,"column":12},"end":{"line":61,"column":3}}},"3":{"name":"(anonymous_3)","decl":{"start":{"line":45,"column":19},"end":{"line":45,"column":20}},"loc":{"start":{"line":45,"column":25},"end":{"line":45,"column":45}}},"4":{"name":"(anonymous_4)","decl":{"start":{"line":58,"column":17},"end":{"line":58,"column":18}},"loc":{"start":{"line":58,"column":23},"end":{"line":58,"column":51}}},"5":{"name":"(anonymous_5)","decl":{"start":{"line":63,"column":2},"end":{"line":63,"column":3}},"loc":{"start":{"line":63,"column":50},"end":{"line":75,"column":3}}},"6":{"name":"(anonymous_6)","decl":{"start":{"line":77,"column":2},"end":{"line":77,"column":3}},"loc":{"start":{"line":77,"column":11},"end":{"line":104,"column":3}}},"7":{"name":"(anonymous_7)","decl":{"start":{"line":89,"column":20},"end":{"line":89,"column":21}},"loc":{"start":{"line":89,"column":26},"end":{"line":89,"column":40}}}},"branchMap":{"0":{"loc":{"start":{"line":27,"column":4},"end":{"line":37,"column":5}},"type":"if","locations":[{"start":{"line":27,"column":4},"end":{"line":37,"column":5}},{"start":{"line":27,"column":4},"end":{"line":37,"column":5}}]},"1":{"loc":{"start":{"line":41,"column":4},"end":{"line":59,"column":5}},"type":"if","locations":[{"start":{"line":41,"column":4},"end":{"line":59,"column":5}},{"start":{"line":41,"column":4},"end":{"line":59,"column":5}}]},"2":{"loc":{"start":{"line":42,"column":6},"end":{"line":53,"column":7}},"type":"if","locations":[{"start":{"line":42,"column":6},"end":{"line":53,"column":7}},{"start":{"line":42,"column":6},"end":{"line":53,"column":7}}]},"3":{"loc":{"start":{"line":50,"column":8},"end":{"line":51,"column":73}},"type":"if","locations":[{"start":{"line":50,"column":8},"end":{"line":51,"column":73}},{"start":{"line":50,"column":8},"end":{"line":51,"column":73}}]},"4":{"loc":{"start":{"line":64,"column":4},"end":{"line":74,"column":5}},"type":"if","locations":[{"start":{"line":64,"column":4},"end":{"line":74,"column":5}},{"start":{"line":64,"column":4},"end":{"line":74,"column":5}}]},"5":{"loc":{"start":{"line":85,"column":25},"end":{"line":85,"column":55}},"type":"cond-expr","locations":[{"start":{"line":85,"column":47},"end":{"line":85,"column":50}},{"start":{"line":85,"column":52},"end":{"line":85,"column":55}}]},"6":{"loc":{"start":{"line":87,"column":38},"end":{"line":87,"column":61}},"type":"binary-expr","locations":[{"start":{"line":87,"column":38},"end":{"line":87,"column":54}},{"start":{"line":87,"column":58},"end":{"line":87,"column":61}}]},"7":{"loc":{"start":{"line":87,"column":71},"end":{"line":87,"column":94}},"type":"binary-expr","locations":[{"start":{"line":87,"column":71},"end":{"line":87,"column":88}},{"start":{"line":87,"column":92},"end":{"line":87,"column":94}}]}},"s":{"0":2,"1":2,"2":2,"3":2,"4":2,"5":1,"6":1,"7":0,"8":0,"9":0,"10":0,"11":0,"12":0,"13":0,"14":0,"15":0,"16":0,"17":0,"18":0,"19":2,"20":0,"21":1},"f":{"0":2,"1":2,"2":0,"3":0,"4":0,"5":0,"6":2,"7":0},"b":{"0":[1,1],"1":[0,0],"2":[0,0],"3":[0,0],"4":[0,0],"5":[1,1],"6":[2,2],"7":[2,2]},"_coverageSchema":"332fd63041d2c1bcb487cc26dd0d5f7d97098a6c","hash":"4dfbc23fd891ac5410ffe1747ee8281b8f052c1e"}
,"/Users/werner/github/consent/Ecdrn/App/Components/Checkbox.js": {"path":"/Users/werner/github/consent/Ecdrn/App/Components/Checkbox.js","statementMap":{"0":{"start":{"line":13,"column":4},"end":{"line":13,"column":16}},"1":{"start":{"line":19,"column":19},"end":{"line":19,"column":23}},"2":{"start":{"line":20,"column":4},"end":{"line":45,"column":5}},"3":{"start":{"line":23,"column":8},"end":{"line":33,"column":31}},"4":{"start":{"line":25,"column":28},"end":{"line":25,"column":67}},"5":{"start":{"line":34,"column":8},"end":{"line":34,"column":13}},"6":{"start":{"line":37,"column":8},"end":{"line":38,"column":123}},"7":{"start":{"line":38,"column":59},"end":{"line":38,"column":77}},"8":{"start":{"line":38,"column":100},"end":{"line":38,"column":120}},"9":{"start":{"line":39,"column":10},"end":{"line":39,"column":15}},"10":{"start":{"line":42,"column":8},"end":{"line":43,"column":123}},"11":{"start":{"line":43,"column":59},"end":{"line":43,"column":77}},"12":{"start":{"line":43,"column":100},"end":{"line":43,"column":120}},"13":{"start":{"line":44,"column":10},"end":{"line":44,"column":15}},"14":{"start":{"line":47,"column":4},"end":{"line":61,"column":5}}},"fnMap":{"0":{"name":"(anonymous_0)","decl":{"start":{"line":12,"column":2},"end":{"line":12,"column":3}},"loc":{"start":{"line":12,"column":21},"end":{"line":14,"column":3}}},"1":{"name":"(anonymous_1)","decl":{"start":{"line":17,"column":2},"end":{"line":17,"column":3}},"loc":{"start":{"line":17,"column":11},"end":{"line":62,"column":3}}},"2":{"name":"(anonymous_2)","decl":{"start":{"line":25,"column":22},"end":{"line":25,"column":23}},"loc":{"start":{"line":25,"column":28},"end":{"line":25,"column":67}}},"3":{"name":"(anonymous_3)","decl":{"start":{"line":38,"column":50},"end":{"line":38,"column":51}},"loc":{"start":{"line":38,"column":59},"end":{"line":38,"column":77}}},"4":{"name":"(anonymous_4)","decl":{"start":{"line":38,"column":94},"end":{"line":38,"column":95}},"loc":{"start":{"line":38,"column":100},"end":{"line":38,"column":120}}},"5":{"name":"(anonymous_5)","decl":{"start":{"line":43,"column":50},"end":{"line":43,"column":51}},"loc":{"start":{"line":43,"column":59},"end":{"line":43,"column":77}}},"6":{"name":"(anonymous_6)","decl":{"start":{"line":43,"column":94},"end":{"line":43,"column":95}},"loc":{"start":{"line":43,"column":100},"end":{"line":43,"column":120}}}},"branchMap":{"0":{"loc":{"start":{"line":20,"column":4},"end":{"line":45,"column":5}},"type":"switch","locations":[{"start":{"line":22,"column":6},"end":{"line":34,"column":13}},{"start":{"line":36,"column":6},"end":{"line":39,"column":15}},{"start":{"line":41,"column":6},"end":{"line":44,"column":15}}]},"1":{"loc":{"start":{"line":30,"column":212},"end":{"line":30,"column":235}},"type":"binary-expr","locations":[{"start":{"line":30,"column":212},"end":{"line":30,"column":229}},{"start":{"line":30,"column":233},"end":{"line":30,"column":235}}]},"2":{"loc":{"start":{"line":31,"column":21},"end":{"line":31,"column":50}},"type":"cond-expr","locations":[{"start":{"line":31,"column":42},"end":{"line":31,"column":45}},{"start":{"line":31,"column":48},"end":{"line":31,"column":50}}]}},"s":{"0":2,"1":2,"2":2,"3":0,"4":0,"5":0,"6":0,"7":0,"8":0,"9":0,"10":2,"11":2,"12":0,"13":2,"14":2},"f":{"0":2,"1":2,"2":0,"3":0,"4":0,"5":2,"6":0},"b":{"0":[0,0,2],"1":[0,0],"2":[0,0]},"_coverageSchema":"332fd63041d2c1bcb487cc26dd0d5f7d97098a6c","hash":"beb078dfa993584970da574b2fbb0180628e3b4b"}
,"/Users/werner/github/consent/Ecdrn/App/Components/FormHeading.js": {"path":"/Users/werner/github/consent/Ecdrn/App/Components/FormHeading.js","statementMap":{"0":{"start":{"line":12,"column":4},"end":{"line":16,"column":5}}},"fnMap":{"0":{"name":"(anonymous_0)","decl":{"start":{"line":11,"column":2},"end":{"line":11,"column":3}},"loc":{"start":{"line":11,"column":11},"end":{"line":17,"column":3}}}},"branchMap":{},"s":{"0":1},"f":{"0":1},"b":{},"_coverageSchema":"332fd63041d2c1bcb487cc26dd0d5f7d97098a6c","hash":"f8dff1d6b73afdf26fe9b00dc2140213666e6c9f"}
,"/Users/werner/github/consent/Ecdrn/App/Components/Link.js": {"path":"/Users/werner/github/consent/Ecdrn/App/Components/Link.js","statementMap":{"0":{"start":{"line":19,"column":4},"end":{"line":19,"column":16}},"1":{"start":{"line":23,"column":4},"end":{"line":32,"column":5}}},"fnMap":{"0":{"name":"(anonymous_0)","decl":{"start":{"line":18,"column":2},"end":{"line":18,"column":3}},"loc":{"start":{"line":18,"column":21},"end":{"line":20,"column":3}}},"1":{"name":"(anonymous_1)","decl":{"start":{"line":22,"column":2},"end":{"line":22,"column":3}},"loc":{"start":{"line":22,"column":11},"end":{"line":33,"column":3}}}},"branchMap":{},"s":{"0":1,"1":1},"f":{"0":1,"1":1},"b":{},"_coverageSchema":"332fd63041d2c1bcb487cc26dd0d5f7d97098a6c","hash":"0557c559cfa561dc5eb5462754e2c62b1af69f2c"}
,"/Users/werner/github/consent/Ecdrn/App/Components/Scene.js": {"path":"/Users/werner/github/consent/Ecdrn/App/Components/Scene.js","statementMap":{"0":{"start":{"line":8,"column":4},"end":{"line":8,"column":16}},"1":{"start":{"line":12,"column":4},"end":{"line":22,"column":5}},"2":{"start":{"line":13,"column":6},"end":{"line":17,"column":7}},"3":{"start":{"line":19,"column":6},"end":{"line":21,"column":7}}},"fnMap":{"0":{"name":"(anonymous_0)","decl":{"start":{"line":7,"column":2},"end":{"line":7,"column":3}},"loc":{"start":{"line":7,"column":21},"end":{"line":9,"column":3}}},"1":{"name":"(anonymous_1)","decl":{"start":{"line":11,"column":2},"end":{"line":11,"column":3}},"loc":{"start":{"line":11,"column":11},"end":{"line":23,"column":3}}}},"branchMap":{"0":{"loc":{"start":{"line":12,"column":4},"end":{"line":22,"column":5}},"type":"if","locations":[{"start":{"line":12,"column":4},"end":{"line":22,"column":5}},{"start":{"line":12,"column":4},"end":{"line":22,"column":5}}]}},"s":{"0":2,"1":2,"2":1,"3":1},"f":{"0":2,"1":2},"b":{"0":[1,1]},"_coverageSchema":"332fd63041d2c1bcb487cc26dd0d5f7d97098a6c","hash":"275b843983da80be014f47058e041f37b94210c6"}
,"/Users/werner/github/consent/Ecdrn/App/Components/SceneHeading.js": {"path":"/Users/werner/github/consent/Ecdrn/App/Components/SceneHeading.js","statementMap":{"0":{"start":{"line":12,"column":4},"end":{"line":16,"column":5}}},"fnMap":{"0":{"name":"(anonymous_0)","decl":{"start":{"line":11,"column":2},"end":{"line":11,"column":3}},"loc":{"start":{"line":11,"column":11},"end":{"line":17,"column":3}}}},"branchMap":{},"s":{"0":1},"f":{"0":1},"b":{},"_coverageSchema":"332fd63041d2c1bcb487cc26dd0d5f7d97098a6c","hash":"1a9482a431385951b3e37ee206ff09e5e793f67f"}
,"/Users/werner/github/consent/Ecdrn/App/Components/ScrollableScene.js": {"path":"/Users/werner/github/consent/Ecdrn/App/Components/ScrollableScene.js","statementMap":{"0":{"start":{"line":14,"column":4},"end":{"line":14,"column":16}},"1":{"start":{"line":18,"column":4},"end":{"line":36,"column":5}},"2":{"start":{"line":20,"column":6},"end":{"line":25,"column":7}},"3":{"start":{"line":27,"column":6},"end":{"line":35,"column":7}}},"fnMap":{"0":{"name":"(anonymous_0)","decl":{"start":{"line":13,"column":2},"end":{"line":13,"column":3}},"loc":{"start":{"line":13,"column":21},"end":{"line":15,"column":3}}},"1":{"name":"(anonymous_1)","decl":{"start":{"line":17,"column":2},"end":{"line":17,"column":3}},"loc":{"start":{"line":17,"column":11},"end":{"line":37,"column":3}}}},"branchMap":{"0":{"loc":{"start":{"line":18,"column":4},"end":{"line":36,"column":5}},"type":"if","locations":[{"start":{"line":18,"column":4},"end":{"line":36,"column":5}},{"start":{"line":18,"column":4},"end":{"line":36,"column":5}}]}},"s":{"0":2,"1":2,"2":1,"3":1},"f":{"0":2,"1":2},"b":{"0":[1,1]},"_coverageSchema":"332fd63041d2c1bcb487cc26dd0d5f7d97098a6c","hash":"265182959e49eb1e2cc371835b6fe002ea336791"}
,"/Users/werner/github/consent/Ecdrn/App/Components/TextField.js": {"path":"/Users/werner/github/consent/Ecdrn/App/Components/TextField.js","statementMap":{"0":{"start":{"line":14,"column":4},"end":{"line":14,"column":16}},"1":{"start":{"line":22,"column":16},"end":{"line":22,"column":20}},"2":{"start":{"line":23,"column":4},"end":{"line":28,"column":5}},"3":{"start":{"line":24,"column":6},"end":{"line":27,"column":13}},"4":{"start":{"line":30,"column":4},"end":{"line":78,"column":5}},"5":{"start":{"line":57,"column":27},"end":{"line":57,"column":47}},"6":{"start":{"line":62,"column":37},"end":{"line":62,"column":74}}},"fnMap":{"0":{"name":"(anonymous_0)","decl":{"start":{"line":13,"column":2},"end":{"line":13,"column":3}},"loc":{"start":{"line":13,"column":21},"end":{"line":15,"column":3}}},"1":{"name":"(anonymous_1)","decl":{"start":{"line":17,"column":2},"end":{"line":17,"column":3}},"loc":{"start":{"line":17,"column":50},"end":{"line":19,"column":3}}},"2":{"name":"(anonymous_2)","decl":{"start":{"line":21,"column":2},"end":{"line":21,"column":3}},"loc":{"start":{"line":21,"column":11},"end":{"line":79,"column":3}}},"3":{"name":"(anonymous_3)","decl":{"start":{"line":57,"column":18},"end":{"line":57,"column":19}},"loc":{"start":{"line":57,"column":27},"end":{"line":57,"column":47}}},"4":{"name":"(anonymous_4)","decl":{"start":{"line":62,"column":27},"end":{"line":62,"column":28}},"loc":{"start":{"line":62,"column":37},"end":{"line":62,"column":74}}}},"branchMap":{"0":{"loc":{"start":{"line":23,"column":4},"end":{"line":28,"column":5}},"type":"if","locations":[{"start":{"line":23,"column":4},"end":{"line":28,"column":5}},{"start":{"line":23,"column":4},"end":{"line":28,"column":5}}]},"1":{"loc":{"start":{"line":51,"column":20},"end":{"line":51,"column":43}},"type":"binary-expr","locations":[{"start":{"line":51,"column":20},"end":{"line":51,"column":37}},{"start":{"line":51,"column":41},"end":{"line":51,"column":43}}]},"2":{"loc":{"start":{"line":52,"column":19},"end":{"line":52,"column":43}},"type":"binary-expr","locations":[{"start":{"line":52,"column":19},"end":{"line":52,"column":35}},{"start":{"line":52,"column":39},"end":{"line":52,"column":43}}]},"3":{"loc":{"start":{"line":58,"column":30},"end":{"line":58,"column":64}},"type":"binary-expr","locations":[{"start":{"line":58,"column":30},"end":{"line":58,"column":56}},{"start":{"line":58,"column":60},"end":{"line":58,"column":64}}]},"4":{"loc":{"start":{"line":59,"column":28},"end":{"line":59,"column":62}},"type":"binary-expr","locations":[{"start":{"line":59,"column":28},"end":{"line":59,"column":52}},{"start":{"line":59,"column":56},"end":{"line":59,"column":62}}]},"5":{"loc":{"start":{"line":60,"column":29},"end":{"line":60,"column":64}},"type":"binary-expr","locations":[{"start":{"line":60,"column":29},"end":{"line":60,"column":54}},{"start":{"line":60,"column":58},"end":{"line":60,"column":64}}]},"6":{"loc":{"start":{"line":61,"column":27},"end":{"line":61,"column":63}},"type":"binary-expr","locations":[{"start":{"line":61,"column":27},"end":{"line":61,"column":50}},{"start":{"line":61,"column":54},"end":{"line":61,"column":63}}]},"7":{"loc":{"start":{"line":62,"column":37},"end":{"line":62,"column":74}},"type":"binary-expr","locations":[{"start":{"line":62,"column":37},"end":{"line":62,"column":66}},{"start":{"line":62,"column":70},"end":{"line":62,"column":74}}]},"8":{"loc":{"start":{"line":64,"column":26},"end":{"line":64,"column":56}},"type":"binary-expr","locations":[{"start":{"line":64,"column":26},"end":{"line":64,"column":48}},{"start":{"line":64,"column":52},"end":{"line":64,"column":56}}]},"9":{"loc":{"start":{"line":65,"column":30},"end":{"line":65,"column":65}},"type":"binary-expr","locations":[{"start":{"line":65,"column":30},"end":{"line":65,"column":56}},{"start":{"line":65,"column":60},"end":{"line":65,"column":65}}]},"10":{"loc":{"start":{"line":66,"column":27},"end":{"line":66,"column":59}},"type":"binary-expr","locations":[{"start":{"line":66,"column":27},"end":{"line":66,"column":50}},{"start":{"line":66,"column":54},"end":{"line":66,"column":59}}]},"11":{"loc":{"start":{"line":67,"column":24},"end":{"line":67,"column":50}},"type":"binary-expr","locations":[{"start":{"line":67,"column":24},"end":{"line":67,"column":44}},{"start":{"line":67,"column":48},"end":{"line":67,"column":50}}]},"12":{"loc":{"start":{"line":68,"column":24},"end":{"line":68,"column":53}},"type":"binary-expr","locations":[{"start":{"line":68,"column":24},"end":{"line":68,"column":44}},{"start":{"line":68,"column":48},"end":{"line":68,"column":53}}]},"13":{"loc":{"start":{"line":72,"column":24},"end":{"line":72,"column":59}},"type":"binary-expr","locations":[{"start":{"line":72,"column":24},"end":{"line":72,"column":43}},{"start":{"line":72,"column":47},"end":{"line":72,"column":59}}]}},"s":{"0":1,"1":1,"2":1,"3":0,"4":1,"5":1,"6":0},"f":{"0":1,"1":0,"2":1,"3":1,"4":0},"b":{"0":[0,1],"1":[1,1],"2":[1,1],"3":[1,0],"4":[1,0],"5":[1,1],"6":[1,0],"7":[0,0],"8":[1,0],"9":[1,1],"10":[1,1],"11":[1,0],"12":[1,1],"13":[1,1]},"_coverageSchema":"332fd63041d2c1bcb487cc26dd0d5f7d97098a6c","hash":"ab95af16ddb8c2bf008a3c7a558f24f6827c1c08"}
}
