{"/Users/werner/github/consent/Ecdrn/App/GlobalStyles.js": {"path":"/Users/werner/github/consent/Ecdrn/App/GlobalStyles.js","statementMap":{"0":{"start":{"line":10,"column":23},"end":{"line":25,"column":1}},"1":{"start":{"line":27,"column":25},"end":{"line":39,"column":1}}},"fnMap":{},"branchMap":{},"s":{"0":7,"1":7},"f":{},"b":{},"_coverageSchema":"332fd63041d2c1bcb487cc26dd0d5f7d97098a6c","hash":"1d6ea1bced689850a8b5b0b617e7ca4ae019102a"}
,"/Users/werner/github/consent/Ecdrn/App/Components/Button.js": {"path":"/Users/werner/github/consent/Ecdrn/App/Components/Button.js","statementMap":{"0":{"start":{"line":27,"column":4},"end":{"line":27,"column":16}},"1":{"start":{"line":29,"column":4},"end":{"line":32,"column":5}},"2":{"start":{"line":33,"column":4},"end":{"line":33,"column":25}},"3":{"start":{"line":34,"column":4},"end":{"line":34,"column":32}},"4":{"start":{"line":39,"column":4},"end":{"line":49,"column":5}},"5":{"start":{"line":40,"column":6},"end":{"line":43,"column":8}},"6":{"start":{"line":45,"column":6},"end":{"line":48,"column":8}},"7":{"start":{"line":53,"column":4},"end":{"line":71,"column":5}},"8":{"start":{"line":54,"column":6},"end":{"line":65,"column":7}},"9":{"start":{"line":57,"column":8},"end":{"line":57,"column":48}},"10":{"start":{"line":57,"column":25},"end":{"line":57,"column":45}},"11":{"start":{"line":62,"column":8},"end":{"line":63,"column":73}},"12":{"start":{"line":63,"column":10},"end":{"line":63,"column":73}},"13":{"start":{"line":68,"column":6},"end":{"line":68,"column":33}},"14":{"start":{"line":70,"column":6},"end":{"line":70,"column":69}},"15":{"start":{"line":70,"column":23},"end":{"line":70,"column":51}},"16":{"start":{"line":76,"column":4},"end":{"line":86,"column":5}},"17":{"start":{"line":77,"column":6},"end":{"line":80,"column":8}},"18":{"start":{"line":82,"column":6},"end":{"line":85,"column":8}},"19":{"start":{"line":90,"column":4},"end":{"line":115,"column":5}},"20":{"start":{"line":101,"column":26},"end":{"line":101,"column":40}},"21":{"start":{"line":119,"column":15},"end":{"line":143,"column":2}}},"fnMap":{"0":{"name":"(anonymous_0)","decl":{"start":{"line":26,"column":2},"end":{"line":26,"column":3}},"loc":{"start":{"line":26,"column":21},"end":{"line":36,"column":3}}},"1":{"name":"(anonymous_1)","decl":{"start":{"line":38,"column":2},"end":{"line":38,"column":3}},"loc":{"start":{"line":38,"column":23},"end":{"line":50,"column":3}}},"2":{"name":"(anonymous_2)","decl":{"start":{"line":52,"column":2},"end":{"line":52,"column":3}},"loc":{"start":{"line":52,"column":12},"end":{"line":73,"column":3}}},"3":{"name":"(anonymous_3)","decl":{"start":{"line":57,"column":19},"end":{"line":57,"column":20}},"loc":{"start":{"line":57,"column":25},"end":{"line":57,"column":45}}},"4":{"name":"(anonymous_4)","decl":{"start":{"line":70,"column":17},"end":{"line":70,"column":18}},"loc":{"start":{"line":70,"column":23},"end":{"line":70,"column":51}}},"5":{"name":"(anonymous_5)","decl":{"start":{"line":75,"column":2},"end":{"line":75,"column":3}},"loc":{"start":{"line":75,"column":50},"end":{"line":87,"column":3}}},"6":{"name":"(anonymous_6)","decl":{"start":{"line":89,"column":2},"end":{"line":89,"column":3}},"loc":{"start":{"line":89,"column":11},"end":{"line":116,"column":3}}},"7":{"name":"(anonymous_7)","decl":{"start":{"line":101,"column":20},"end":{"line":101,"column":21}},"loc":{"start":{"line":101,"column":26},"end":{"line":101,"column":40}}}},"branchMap":{"0":{"loc":{"start":{"line":39,"column":4},"end":{"line":49,"column":5}},"type":"if","locations":[{"start":{"line":39,"column":4},"end":{"line":49,"column":5}},{"start":{"line":39,"column":4},"end":{"line":49,"column":5}}]},"1":{"loc":{"start":{"line":53,"column":4},"end":{"line":71,"column":5}},"type":"if","locations":[{"start":{"line":53,"column":4},"end":{"line":71,"column":5}},{"start":{"line":53,"column":4},"end":{"line":71,"column":5}}]},"2":{"loc":{"start":{"line":54,"column":6},"end":{"line":65,"column":7}},"type":"if","locations":[{"start":{"line":54,"column":6},"end":{"line":65,"column":7}},{"start":{"line":54,"column":6},"end":{"line":65,"column":7}}]},"3":{"loc":{"start":{"line":62,"column":8},"end":{"line":63,"column":73}},"type":"if","locations":[{"start":{"line":62,"column":8},"end":{"line":63,"column":73}},{"start":{"line":62,"column":8},"end":{"line":63,"column":73}}]},"4":{"loc":{"start":{"line":76,"column":4},"end":{"line":86,"column":5}},"type":"if","locations":[{"start":{"line":76,"column":4},"end":{"line":86,"column":5}},{"start":{"line":76,"column":4},"end":{"line":86,"column":5}}]},"5":{"loc":{"start":{"line":97,"column":25},"end":{"line":97,"column":55}},"type":"cond-expr","locations":[{"start":{"line":97,"column":47},"end":{"line":97,"column":50}},{"start":{"line":97,"column":52},"end":{"line":97,"column":55}}]},"6":{"loc":{"start":{"line":99,"column":38},"end":{"line":99,"column":61}},"type":"binary-expr","locations":[{"start":{"line":99,"column":38},"end":{"line":99,"column":54}},{"start":{"line":99,"column":58},"end":{"line":99,"column":61}}]},"7":{"loc":{"start":{"line":99,"column":71},"end":{"line":99,"column":94}},"type":"binary-expr","locations":[{"start":{"line":99,"column":71},"end":{"line":99,"column":88}},{"start":{"line":99,"column":92},"end":{"line":99,"column":94}}]}},"s":{"0":2,"1":2,"2":2,"3":2,"4":2,"5":1,"6":1,"7":0,"8":0,"9":0,"10":0,"11":0,"12":0,"13":0,"14":0,"15":0,"16":0,"17":0,"18":0,"19":2,"20":0,"21":1},"f":{"0":2,"1":2,"2":0,"3":0,"4":0,"5":0,"6":2,"7":0},"b":{"0":[1,1],"1":[0,0],"2":[0,0],"3":[0,0],"4":[0,0],"5":[1,1],"6":[2,2],"7":[2,2]},"_coverageSchema":"332fd63041d2c1bcb487cc26dd0d5f7d97098a6c","hash":"4c8e6fa4721a77549df4f17665c506cd995cb2f4"}
,"/Users/werner/github/consent/Ecdrn/App/Components/Checkbox.js": {"path":"/Users/werner/github/consent/Ecdrn/App/Components/Checkbox.js","statementMap":{"0":{"start":{"line":31,"column":4},"end":{"line":31,"column":16}},"1":{"start":{"line":37,"column":19},"end":{"line":37,"column":23}},"2":{"start":{"line":38,"column":4},"end":{"line":63,"column":5}},"3":{"start":{"line":41,"column":8},"end":{"line":51,"column":31}},"4":{"start":{"line":43,"column":28},"end":{"line":43,"column":67}},"5":{"start":{"line":52,"column":8},"end":{"line":52,"column":13}},"6":{"start":{"line":55,"column":8},"end":{"line":56,"column":123}},"7":{"start":{"line":56,"column":59},"end":{"line":56,"column":77}},"8":{"start":{"line":56,"column":100},"end":{"line":56,"column":120}},"9":{"start":{"line":57,"column":10},"end":{"line":57,"column":15}},"10":{"start":{"line":60,"column":8},"end":{"line":61,"column":123}},"11":{"start":{"line":61,"column":59},"end":{"line":61,"column":77}},"12":{"start":{"line":61,"column":100},"end":{"line":61,"column":120}},"13":{"start":{"line":62,"column":10},"end":{"line":62,"column":15}},"14":{"start":{"line":65,"column":4},"end":{"line":79,"column":5}}},"fnMap":{"0":{"name":"(anonymous_0)","decl":{"start":{"line":30,"column":2},"end":{"line":30,"column":3}},"loc":{"start":{"line":30,"column":21},"end":{"line":32,"column":3}}},"1":{"name":"(anonymous_1)","decl":{"start":{"line":35,"column":2},"end":{"line":35,"column":3}},"loc":{"start":{"line":35,"column":11},"end":{"line":80,"column":3}}},"2":{"name":"(anonymous_2)","decl":{"start":{"line":43,"column":22},"end":{"line":43,"column":23}},"loc":{"start":{"line":43,"column":28},"end":{"line":43,"column":67}}},"3":{"name":"(anonymous_3)","decl":{"start":{"line":56,"column":50},"end":{"line":56,"column":51}},"loc":{"start":{"line":56,"column":59},"end":{"line":56,"column":77}}},"4":{"name":"(anonymous_4)","decl":{"start":{"line":56,"column":94},"end":{"line":56,"column":95}},"loc":{"start":{"line":56,"column":100},"end":{"line":56,"column":120}}},"5":{"name":"(anonymous_5)","decl":{"start":{"line":61,"column":50},"end":{"line":61,"column":51}},"loc":{"start":{"line":61,"column":59},"end":{"line":61,"column":77}}},"6":{"name":"(anonymous_6)","decl":{"start":{"line":61,"column":94},"end":{"line":61,"column":95}},"loc":{"start":{"line":61,"column":100},"end":{"line":61,"column":120}}}},"branchMap":{"0":{"loc":{"start":{"line":38,"column":4},"end":{"line":63,"column":5}},"type":"switch","locations":[{"start":{"line":40,"column":6},"end":{"line":52,"column":13}},{"start":{"line":54,"column":6},"end":{"line":57,"column":15}},{"start":{"line":59,"column":6},"end":{"line":62,"column":15}}]},"1":{"loc":{"start":{"line":48,"column":212},"end":{"line":48,"column":235}},"type":"binary-expr","locations":[{"start":{"line":48,"column":212},"end":{"line":48,"column":229}},{"start":{"line":48,"column":233},"end":{"line":48,"column":235}}]},"2":{"loc":{"start":{"line":49,"column":21},"end":{"line":49,"column":50}},"type":"cond-expr","locations":[{"start":{"line":49,"column":42},"end":{"line":49,"column":45}},{"start":{"line":49,"column":48},"end":{"line":49,"column":50}}]}},"s":{"0":2,"1":2,"2":2,"3":0,"4":0,"5":0,"6":0,"7":0,"8":0,"9":0,"10":2,"11":2,"12":0,"13":2,"14":2},"f":{"0":2,"1":2,"2":0,"3":0,"4":0,"5":2,"6":0},"b":{"0":[0,0,2],"1":[0,0],"2":[0,0]},"_coverageSchema":"332fd63041d2c1bcb487cc26dd0d5f7d97098a6c","hash":"f92d33a422e1d3becad080606d72c64f446da792"}
,"/Users/werner/github/consent/Ecdrn/App/Components/FormHeading.js": {"path":"/Users/werner/github/consent/Ecdrn/App/Components/FormHeading.js","statementMap":{"0":{"start":{"line":19,"column":4},"end":{"line":23,"column":5}}},"fnMap":{"0":{"name":"(anonymous_0)","decl":{"start":{"line":18,"column":2},"end":{"line":18,"column":3}},"loc":{"start":{"line":18,"column":11},"end":{"line":24,"column":3}}}},"branchMap":{},"s":{"0":1},"f":{"0":1},"b":{},"_coverageSchema":"332fd63041d2c1bcb487cc26dd0d5f7d97098a6c","hash":"572082dcae97c3124c52a6c199f46cd520fe7e98"}
,"/Users/werner/github/consent/Ecdrn/App/Components/Link.js": {"path":"/Users/werner/github/consent/Ecdrn/App/Components/Link.js","statementMap":{"0":{"start":{"line":19,"column":4},"end":{"line":19,"column":16}},"1":{"start":{"line":23,"column":4},"end":{"line":32,"column":5}}},"fnMap":{"0":{"name":"(anonymous_0)","decl":{"start":{"line":18,"column":2},"end":{"line":18,"column":3}},"loc":{"start":{"line":18,"column":21},"end":{"line":20,"column":3}}},"1":{"name":"(anonymous_1)","decl":{"start":{"line":22,"column":2},"end":{"line":22,"column":3}},"loc":{"start":{"line":22,"column":11},"end":{"line":33,"column":3}}}},"branchMap":{},"s":{"0":1,"1":1},"f":{"0":1,"1":1},"b":{},"_coverageSchema":"332fd63041d2c1bcb487cc26dd0d5f7d97098a6c","hash":"0557c559cfa561dc5eb5462754e2c62b1af69f2c"}
,"/Users/werner/github/consent/Ecdrn/App/Components/SceneHeading.js": {"path":"/Users/werner/github/consent/Ecdrn/App/Components/SceneHeading.js","statementMap":{"0":{"start":{"line":19,"column":4},"end":{"line":23,"column":5}}},"fnMap":{"0":{"name":"(anonymous_0)","decl":{"start":{"line":18,"column":2},"end":{"line":18,"column":3}},"loc":{"start":{"line":18,"column":11},"end":{"line":24,"column":3}}}},"branchMap":{},"s":{"0":1},"f":{"0":1},"b":{},"_coverageSchema":"332fd63041d2c1bcb487cc26dd0d5f7d97098a6c","hash":"ef1939df9f3115650a3c785dd678754c1abac1af"}
,"/Users/werner/github/consent/Ecdrn/App/Components/ScrollableWaitableView.js": {"path":"/Users/werner/github/consent/Ecdrn/App/Components/ScrollableWaitableView.js","statementMap":{"0":{"start":{"line":28,"column":4},"end":{"line":28,"column":16}},"1":{"start":{"line":32,"column":4},"end":{"line":44,"column":5}},"2":{"start":{"line":33,"column":6},"end":{"line":35,"column":28}},"3":{"start":{"line":37,"column":6},"end":{"line":43,"column":22}}},"fnMap":{"0":{"name":"(anonymous_0)","decl":{"start":{"line":27,"column":2},"end":{"line":27,"column":3}},"loc":{"start":{"line":27,"column":21},"end":{"line":29,"column":3}}},"1":{"name":"(anonymous_1)","decl":{"start":{"line":31,"column":2},"end":{"line":31,"column":3}},"loc":{"start":{"line":31,"column":11},"end":{"line":45,"column":3}}}},"branchMap":{"0":{"loc":{"start":{"line":32,"column":4},"end":{"line":44,"column":5}},"type":"if","locations":[{"start":{"line":32,"column":4},"end":{"line":44,"column":5}},{"start":{"line":32,"column":4},"end":{"line":44,"column":5}}]}},"s":{"0":2,"1":2,"2":1,"3":1},"f":{"0":2,"1":2},"b":{"0":[1,1]},"_coverageSchema":"332fd63041d2c1bcb487cc26dd0d5f7d97098a6c","hash":"c3b715dc3072ede5f2901852a72bcc9d85099c56"}
,"/Users/werner/github/consent/Ecdrn/App/Components/TextField.js": {"path":"/Users/werner/github/consent/Ecdrn/App/Components/TextField.js","statementMap":{"0":{"start":{"line":21,"column":4},"end":{"line":21,"column":16}},"1":{"start":{"line":29,"column":16},"end":{"line":29,"column":20}},"2":{"start":{"line":30,"column":4},"end":{"line":35,"column":5}},"3":{"start":{"line":31,"column":6},"end":{"line":34,"column":13}},"4":{"start":{"line":37,"column":4},"end":{"line":83,"column":5}},"5":{"start":{"line":62,"column":27},"end":{"line":62,"column":47}},"6":{"start":{"line":67,"column":37},"end":{"line":67,"column":74}}},"fnMap":{"0":{"name":"(anonymous_0)","decl":{"start":{"line":20,"column":2},"end":{"line":20,"column":3}},"loc":{"start":{"line":20,"column":21},"end":{"line":22,"column":3}}},"1":{"name":"(anonymous_1)","decl":{"start":{"line":24,"column":2},"end":{"line":24,"column":3}},"loc":{"start":{"line":24,"column":50},"end":{"line":26,"column":3}}},"2":{"name":"(anonymous_2)","decl":{"start":{"line":28,"column":2},"end":{"line":28,"column":3}},"loc":{"start":{"line":28,"column":11},"end":{"line":84,"column":3}}},"3":{"name":"(anonymous_3)","decl":{"start":{"line":62,"column":18},"end":{"line":62,"column":19}},"loc":{"start":{"line":62,"column":27},"end":{"line":62,"column":47}}},"4":{"name":"(anonymous_4)","decl":{"start":{"line":67,"column":27},"end":{"line":67,"column":28}},"loc":{"start":{"line":67,"column":37},"end":{"line":67,"column":74}}}},"branchMap":{"0":{"loc":{"start":{"line":30,"column":4},"end":{"line":35,"column":5}},"type":"if","locations":[{"start":{"line":30,"column":4},"end":{"line":35,"column":5}},{"start":{"line":30,"column":4},"end":{"line":35,"column":5}}]},"1":{"loc":{"start":{"line":56,"column":20},"end":{"line":56,"column":43}},"type":"binary-expr","locations":[{"start":{"line":56,"column":20},"end":{"line":56,"column":37}},{"start":{"line":56,"column":41},"end":{"line":56,"column":43}}]},"2":{"loc":{"start":{"line":57,"column":19},"end":{"line":57,"column":43}},"type":"binary-expr","locations":[{"start":{"line":57,"column":19},"end":{"line":57,"column":35}},{"start":{"line":57,"column":39},"end":{"line":57,"column":43}}]},"3":{"loc":{"start":{"line":63,"column":30},"end":{"line":63,"column":64}},"type":"binary-expr","locations":[{"start":{"line":63,"column":30},"end":{"line":63,"column":56}},{"start":{"line":63,"column":60},"end":{"line":63,"column":64}}]},"4":{"loc":{"start":{"line":64,"column":28},"end":{"line":64,"column":62}},"type":"binary-expr","locations":[{"start":{"line":64,"column":28},"end":{"line":64,"column":52}},{"start":{"line":64,"column":56},"end":{"line":64,"column":62}}]},"5":{"loc":{"start":{"line":65,"column":29},"end":{"line":65,"column":64}},"type":"binary-expr","locations":[{"start":{"line":65,"column":29},"end":{"line":65,"column":54}},{"start":{"line":65,"column":58},"end":{"line":65,"column":64}}]},"6":{"loc":{"start":{"line":66,"column":27},"end":{"line":66,"column":63}},"type":"binary-expr","locations":[{"start":{"line":66,"column":27},"end":{"line":66,"column":50}},{"start":{"line":66,"column":54},"end":{"line":66,"column":63}}]},"7":{"loc":{"start":{"line":67,"column":37},"end":{"line":67,"column":74}},"type":"binary-expr","locations":[{"start":{"line":67,"column":37},"end":{"line":67,"column":66}},{"start":{"line":67,"column":70},"end":{"line":67,"column":74}}]},"8":{"loc":{"start":{"line":69,"column":26},"end":{"line":69,"column":56}},"type":"binary-expr","locations":[{"start":{"line":69,"column":26},"end":{"line":69,"column":48}},{"start":{"line":69,"column":52},"end":{"line":69,"column":56}}]},"9":{"loc":{"start":{"line":70,"column":30},"end":{"line":70,"column":65}},"type":"binary-expr","locations":[{"start":{"line":70,"column":30},"end":{"line":70,"column":56}},{"start":{"line":70,"column":60},"end":{"line":70,"column":65}}]},"10":{"loc":{"start":{"line":71,"column":27},"end":{"line":71,"column":59}},"type":"binary-expr","locations":[{"start":{"line":71,"column":27},"end":{"line":71,"column":50}},{"start":{"line":71,"column":54},"end":{"line":71,"column":59}}]},"11":{"loc":{"start":{"line":72,"column":24},"end":{"line":72,"column":50}},"type":"binary-expr","locations":[{"start":{"line":72,"column":24},"end":{"line":72,"column":44}},{"start":{"line":72,"column":48},"end":{"line":72,"column":50}}]},"12":{"loc":{"start":{"line":73,"column":24},"end":{"line":73,"column":53}},"type":"binary-expr","locations":[{"start":{"line":73,"column":24},"end":{"line":73,"column":44}},{"start":{"line":73,"column":48},"end":{"line":73,"column":53}}]},"13":{"loc":{"start":{"line":77,"column":24},"end":{"line":77,"column":59}},"type":"binary-expr","locations":[{"start":{"line":77,"column":24},"end":{"line":77,"column":43}},{"start":{"line":77,"column":47},"end":{"line":77,"column":59}}]}},"s":{"0":1,"1":1,"2":1,"3":0,"4":1,"5":1,"6":0},"f":{"0":1,"1":0,"2":1,"3":1,"4":0},"b":{"0":[0,1],"1":[1,1],"2":[1,1],"3":[1,0],"4":[1,0],"5":[1,1],"6":[1,0],"7":[0,0],"8":[1,0],"9":[1,1],"10":[1,1],"11":[1,0],"12":[1,1],"13":[1,1]},"_coverageSchema":"332fd63041d2c1bcb487cc26dd0d5f7d97098a6c","hash":"38b25917856347461286c278e3da4119acf00d2e"}
}
