TN:
SF:/Users/werner/github/consent/Ecdrn/App/GlobalStyles.js
FNF:0
FNH:0
DA:10,7
DA:27,7
LF:2
LH:2
BRF:0
BRH:0
end_of_record
TN:
SF:/Users/werner/github/consent/Ecdrn/App/Components/Button.js
FN:26,(anonymous_0)
FN:38,(anonymous_1)
FN:52,(anonymous_2)
FN:57,(anonymous_3)
FN:70,(anonymous_4)
FN:75,(anonymous_5)
FN:89,(anonymous_6)
FN:101,(anonymous_7)
FNF:8
FNH:3
FNDA:2,(anonymous_0)
FNDA:2,(anonymous_1)
FNDA:0,(anonymous_2)
FNDA:0,(anonymous_3)
FNDA:0,(anonymous_4)
FNDA:0,(anonymous_5)
FNDA:2,(anonymous_6)
FNDA:0,(anonymous_7)
DA:27,2
DA:29,2
DA:33,2
DA:34,2
DA:39,2
DA:40,1
DA:45,1
DA:53,0
DA:54,0
DA:57,0
DA:62,0
DA:63,0
DA:68,0
DA:70,0
DA:76,0
DA:77,0
DA:82,0
DA:90,2
DA:101,0
DA:119,1
LF:20
LH:9
BRDA:39,0,0,1
BRDA:39,0,1,1
BRDA:53,1,0,0
BRDA:53,1,1,0
BRDA:54,2,0,0
BRDA:54,2,1,0
BRDA:62,3,0,0
BRDA:62,3,1,0
BRDA:76,4,0,0
BRDA:76,4,1,0
BRDA:97,5,0,1
BRDA:97,5,1,1
BRDA:99,6,0,2
BRDA:99,6,1,2
BRDA:99,7,0,2
BRDA:99,7,1,2
BRF:16
BRH:8
end_of_record
TN:
SF:/Users/werner/github/consent/Ecdrn/App/Components/Checkbox.js
FN:30,(anonymous_0)
FN:35,(anonymous_1)
FN:43,(anonymous_2)
FN:56,(anonymous_3)
FN:56,(anonymous_4)
FN:61,(anonymous_5)
FN:61,(anonymous_6)
FNF:7
FNH:3
FNDA:2,(anonymous_0)
FNDA:2,(anonymous_1)
FNDA:0,(anonymous_2)
FNDA:0,(anonymous_3)
FNDA:0,(anonymous_4)
FNDA:2,(anonymous_5)
FNDA:0,(anonymous_6)
DA:31,2
DA:37,2
DA:38,2
DA:41,0
DA:43,0
DA:52,0
DA:55,0
DA:56,0
DA:57,0
DA:60,2
DA:61,2
DA:62,2
DA:65,2
LF:13
LH:7
BRDA:38,0,0,0
BRDA:38,0,1,0
BRDA:38,0,2,2
BRDA:48,1,0,0
BRDA:48,1,1,0
BRDA:49,2,0,0
BRDA:49,2,1,0
BRF:7
BRH:1
end_of_record
TN:
SF:/Users/werner/github/consent/Ecdrn/App/Components/FormHeading.js
FN:18,(anonymous_0)
FNF:1
FNH:1
FNDA:1,(anonymous_0)
DA:19,1
LF:1
LH:1
BRF:0
BRH:0
end_of_record
TN:
SF:/Users/werner/github/consent/Ecdrn/App/Components/Link.js
FN:18,(anonymous_0)
FN:22,(anonymous_1)
FNF:2
FNH:2
FNDA:1,(anonymous_0)
FNDA:1,(anonymous_1)
DA:19,1
DA:23,1
LF:2
LH:2
BRF:0
BRH:0
end_of_record
TN:
SF:/Users/werner/github/consent/Ecdrn/App/Components/SceneHeading.js
FN:18,(anonymous_0)
FNF:1
FNH:1
FNDA:1,(anonymous_0)
DA:19,1
LF:1
LH:1
BRF:0
BRH:0
end_of_record
TN:
SF:/Users/werner/github/consent/Ecdrn/App/Components/ScrollableWaitableView.js
FN:27,(anonymous_0)
FN:31,(anonymous_1)
FNF:2
FNH:2
FNDA:2,(anonymous_0)
FNDA:2,(anonymous_1)
DA:28,2
DA:32,2
DA:33,1
DA:37,1
LF:4
LH:4
BRDA:32,0,0,1
BRDA:32,0,1,1
BRF:2
BRH:2
end_of_record
TN:
SF:/Users/werner/github/consent/Ecdrn/App/Components/TextField.js
FN:20,(anonymous_0)
FN:24,(anonymous_1)
FN:28,(anonymous_2)
FN:62,(anonymous_3)
FN:67,(anonymous_4)
FNF:5
FNH:3
FNDA:1,(anonymous_0)
FNDA:0,(anonymous_1)
FNDA:1,(anonymous_2)
FNDA:1,(anonymous_3)
FNDA:0,(anonymous_4)
DA:21,1
DA:29,1
DA:30,1
DA:31,0
DA:37,1
DA:62,1
DA:67,0
LF:7
LH:5
BRDA:30,0,0,0
BRDA:30,0,1,1
BRDA:56,1,0,1
BRDA:56,1,1,1
BRDA:57,2,0,1
BRDA:57,2,1,1
BRDA:63,3,0,1
BRDA:63,3,1,0
BRDA:64,4,0,1
BRDA:64,4,1,0
BRDA:65,5,0,1
BRDA:65,5,1,1
BRDA:66,6,0,1
BRDA:66,6,1,0
BRDA:67,7,0,0
BRDA:67,7,1,0
BRDA:69,8,0,1
BRDA:69,8,1,0
BRDA:70,9,0,1
BRDA:70,9,1,1
BRDA:71,10,0,1
BRDA:71,10,1,1
BRDA:72,11,0,1
BRDA:72,11,1,0
BRDA:73,12,0,1
BRDA:73,12,1,1
BRDA:77,13,0,1
BRDA:77,13,1,1
BRF:28
BRH:20
end_of_record
