TN:
SF:/Users/werner/github/consent/Ecdrn/App/GlobalStyles.js
FNF:0
FNH:0
DA:14,8
DA:31,8
LF:2
LH:2
BRF:0
BRH:0
end_of_record
TN:
SF:/Users/werner/github/consent/Ecdrn/App/Components/Button.js
FN:14,(anonymous_0)
FN:26,(anonymous_1)
FN:40,(anonymous_2)
FN:45,(anonymous_3)
FN:58,(anonymous_4)
FN:63,(anonymous_5)
FN:77,(anonymous_6)
FN:89,(anonymous_7)
FNF:8
FNH:3
FNDA:2,(anonymous_0)
FNDA:2,(anonymous_1)
FNDA:0,(anonymous_2)
FNDA:0,(anonymous_3)
FNDA:0,(anonymous_4)
FNDA:0,(anonymous_5)
FNDA:2,(anonymous_6)
FNDA:0,(anonymous_7)
DA:15,2
DA:17,2
DA:21,2
DA:22,2
DA:27,2
DA:28,1
DA:33,1
DA:41,0
DA:42,0
DA:45,0
DA:50,0
DA:51,0
DA:56,0
DA:58,0
DA:64,0
DA:65,0
DA:70,0
DA:78,2
DA:89,0
DA:107,1
LF:20
LH:9
BRDA:27,0,0,1
BRDA:27,0,1,1
BRDA:41,1,0,0
BRDA:41,1,1,0
BRDA:42,2,0,0
BRDA:42,2,1,0
BRDA:50,3,0,0
BRDA:50,3,1,0
BRDA:64,4,0,0
BRDA:64,4,1,0
BRDA:85,5,0,1
BRDA:85,5,1,1
BRDA:87,6,0,2
BRDA:87,6,1,2
BRDA:87,7,0,2
BRDA:87,7,1,2
BRF:16
BRH:8
end_of_record
TN:
SF:/Users/werner/github/consent/Ecdrn/App/Components/Checkbox.js
FN:12,(anonymous_0)
FN:17,(anonymous_1)
FN:25,(anonymous_2)
FN:38,(anonymous_3)
FN:38,(anonymous_4)
FN:43,(anonymous_5)
FN:43,(anonymous_6)
FNF:7
FNH:3
FNDA:2,(anonymous_0)
FNDA:2,(anonymous_1)
FNDA:0,(anonymous_2)
FNDA:0,(anonymous_3)
FNDA:0,(anonymous_4)
FNDA:2,(anonymous_5)
FNDA:0,(anonymous_6)
DA:13,2
DA:19,2
DA:20,2
DA:23,0
DA:25,0
DA:34,0
DA:37,0
DA:38,0
DA:39,0
DA:42,2
DA:43,2
DA:44,2
DA:47,2
LF:13
LH:7
BRDA:20,0,0,0
BRDA:20,0,1,0
BRDA:20,0,2,2
BRDA:30,1,0,0
BRDA:30,1,1,0
BRDA:31,2,0,0
BRDA:31,2,1,0
BRF:7
BRH:1
end_of_record
TN:
SF:/Users/werner/github/consent/Ecdrn/App/Components/FormHeading.js
FN:11,(anonymous_0)
FNF:1
FNH:1
FNDA:1,(anonymous_0)
DA:12,1
LF:1
LH:1
BRF:0
BRH:0
end_of_record
TN:
SF:/Users/werner/github/consent/Ecdrn/App/Components/Link.js
FN:18,(anonymous_0)
FN:22,(anonymous_1)
FNF:2
FNH:2
FNDA:1,(anonymous_0)
FNDA:1,(anonymous_1)
DA:19,1
DA:23,1
LF:2
LH:2
BRF:0
BRH:0
end_of_record
TN:
SF:/Users/werner/github/consent/Ecdrn/App/Components/Scene.js
FN:7,(anonymous_0)
FN:11,(anonymous_1)
FNF:2
FNH:2
FNDA:2,(anonymous_0)
FNDA:2,(anonymous_1)
DA:8,2
DA:12,2
DA:13,1
DA:19,1
LF:4
LH:4
BRDA:12,0,0,1
BRDA:12,0,1,1
BRF:2
BRH:2
end_of_record
TN:
SF:/Users/werner/github/consent/Ecdrn/App/Components/SceneHeading.js
FN:11,(anonymous_0)
FNF:1
FNH:1
FNDA:1,(anonymous_0)
DA:12,1
LF:1
LH:1
BRF:0
BRH:0
end_of_record
TN:
SF:/Users/werner/github/consent/Ecdrn/App/Components/ScrollableScene.js
FN:13,(anonymous_0)
FN:17,(anonymous_1)
FNF:2
FNH:2
FNDA:2,(anonymous_0)
FNDA:2,(anonymous_1)
DA:14,2
DA:18,2
DA:20,1
DA:27,1
LF:4
LH:4
BRDA:18,0,0,1
BRDA:18,0,1,1
BRF:2
BRH:2
end_of_record
TN:
SF:/Users/werner/github/consent/Ecdrn/App/Components/TextField.js
FN:13,(anonymous_0)
FN:17,(anonymous_1)
FN:21,(anonymous_2)
FN:57,(anonymous_3)
FN:62,(anonymous_4)
FNF:5
FNH:3
FNDA:1,(anonymous_0)
FNDA:0,(anonymous_1)
FNDA:1,(anonymous_2)
FNDA:1,(anonymous_3)
FNDA:0,(anonymous_4)
DA:14,1
DA:22,1
DA:23,1
DA:24,0
DA:30,1
DA:57,1
DA:62,0
LF:7
LH:5
BRDA:23,0,0,0
BRDA:23,0,1,1
BRDA:51,1,0,1
BRDA:51,1,1,1
BRDA:52,2,0,1
BRDA:52,2,1,1
BRDA:58,3,0,1
BRDA:58,3,1,0
BRDA:59,4,0,1
BRDA:59,4,1,0
BRDA:60,5,0,1
BRDA:60,5,1,1
BRDA:61,6,0,1
BRDA:61,6,1,0
BRDA:62,7,0,0
BRDA:62,7,1,0
BRDA:64,8,0,1
BRDA:64,8,1,0
BRDA:65,9,0,1
BRDA:65,9,1,1
BRDA:66,10,0,1
BRDA:66,10,1,1
BRDA:67,11,0,1
BRDA:67,11,1,0
BRDA:68,12,0,1
BRDA:68,12,1,1
BRDA:72,13,0,1
BRDA:72,13,1,1
BRF:28
BRH:20
end_of_record
